<?xml version="1.0" encoding="UTF-8"?>
<testng-results skipped="0" failed="0" ignored="0" total="1" passed="1">
  <reporter-output>
  </reporter-output>
  <suite name="Suite" duration-ms="61" started-at="2020-03-23T13:34:42Z" finished-at="2020-03-23T13:34:42Z">
    <groups>
    </groups>
    <test name="Test" duration-ms="61" started-at="2020-03-23T13:34:42Z" finished-at="2020-03-23T13:34:42Z">
      <class name="com.test.TestProject.Test1">
        <test-method status="PASS" signature="test1()[pri:0, instance:com.test.TestProject.Test1@7f77e91b]" name="test1" duration-ms="16" started-at="2020-03-23T13:34:42Z" finished-at="2020-03-23T13:34:42Z">
          <reporter-output>
          </reporter-output>
        </test-method> <!-- test1 -->
      </class> <!-- com.test.TestProject.Test1 -->
    </test> <!-- Test -->
  </suite> <!-- Suite -->
</testng-results>
